#
# There is insufficient memory for the Java Runtime Environment to continue.
# Native memory allocation (malloc) failed to allocate 247936 bytes. Error detail: Chunk::new
# Possible reasons:
#   The system is out of physical RAM or swap space
#   This process is running with CompressedOops enabled, and the Java Heap may be blocking the growth of the native heap
# Possible solutions:
#   Reduce memory load on the system
#   Increase physical memory or swap space
#   Check if swap backing store is full
#   Decrease Java heap size (-Xmx/-Xms)
#   Decrease number of Java threads
#   Decrease Java thread stack sizes (-Xss)
#   Set larger code cache with -XX:ReservedCodeCacheSize=
#   JVM is running with Zero Based Compressed Oops mode in which the Java heap is
#     placed in the first 32GB address space. The Java Heap base address is the
#     maximum limit for the native heap growth. Please use -XX:HeapBaseMinAddress
#     to set the Java Heap base and to place the Java Heap above 32GB virtual address.
# This output file may be truncated or incomplete.
#
#  Out of Memory Error (arena.cpp:168), pid=19052, tid=4960
#
# JRE version: OpenJDK Runtime Environment Temurin-21.0.9+10 (21.0.9+10) (build 21.0.9+10-LTS)
# Java VM: OpenJDK 64-Bit Server VM Temurin-21.0.9+10 (21.0.9+10-LTS, mixed mode, sharing, tiered, compressed oops, compressed class ptrs, g1 gc, windows-amd64)
# No core dump will be written. Minidumps are not enabled by default on client versions of Windows
#

---------------  S U M M A R Y ------------

Command Line: -Dfile.encoding=UTF-8 -Dstdout.encoding=UTF-8 -Dstderr.encoding=UTF-8 -XX:+ShowCodeDetailsInExceptionMessages com.example.App.AppApplication

Host: AMD Ryzen 7 5700G with Radeon Graphics         , 16 cores, 15G,  Windows 11 , 64 bit Build 26100 (10.0.26100.7309)
Time: Mon Jan 12 16:08:59 2026 India Standard Time elapsed time: 9.810330 seconds (0d 0h 0m 9s)

---------------  T H R E A D  ---------------

Current thread (0x0000026bdd959770):  JavaThread "C2 CompilerThread0" daemon [_thread_in_native, id=4960, stack(0x000000ae1ee00000,0x000000ae1ef00000) (1024K)]


Current CompileTask:
C2:9810 4094 %     4       java.util.Properties$LineReader::readLine @ 293 (584 bytes)

Stack: [0x000000ae1ee00000,0x000000ae1ef00000]
Native frames: (J=compiled Java code, j=interpreted, Vv=VM code, C=native code)
V  [jvm.dll+0x6d6e29]
V  [jvm.dll+0x8b4b76]
V  [jvm.dll+0x8b712e]
V  [jvm.dll+0x8b7813]
V  [jvm.dll+0x283d86]
V  [jvm.dll+0xc66ed]
V  [jvm.dll+0xc6c31]
V  [jvm.dll+0x2facee]
V  [jvm.dll+0x5fde44]
V  [jvm.dll+0x255557]
V  [jvm.dll+0x25591d]
V  [jvm.dll+0x24df40]
V  [jvm.dll+0x24b482]
V  [jvm.dll+0x1cb13e]
V  [jvm.dll+0x25b29d]
V  [jvm.dll+0x25982a]
V  [jvm.dll+0x3f7ea6]
V  [jvm.dll+0x85e9ad]
V  [jvm.dll+0x6d565d]
C  [ucrtbase.dll+0x37b0]
C  [KERNEL32.DLL+0x2e8d7]
C  [ntdll.dll+0x8c53c]


---------------  P R O C E S S  ---------------

Threads class SMR info:
_java_thread_list=0x0000026be436f1c0, length=27, elements={
0x0000026bdd93f770, 0x0000026bdd940370, 0x0000026bdd9467b0, 0x0000026bdd947480,
0x0000026bdd948bf0, 0x0000026bdd94a490, 0x0000026bdd959770, 0x0000026bdd957b40,
0x0000026bde5e57a0, 0x0000026bde6cbb00, 0x0000026bde6d3af0, 0x0000026be6031dc0,
0x0000026be6032420, 0x0000026be616e920, 0x0000026be4a5bc50, 0x0000026be48de0c0,
0x0000026be48de720, 0x0000026be4f69920, 0x0000026be4f6b360, 0x0000026be4f6b9f0,
0x0000026be4f6acd0, 0x0000026be4f6c080, 0x0000026be4f68c00, 0x0000026be4f69fb0,
0x0000026be4f69290, 0x0000026be4f6a640, 0x0000026be46b5520
}

Java Threads: ( => current thread )
  0x0000026bdd93f770 JavaThread "Reference Handler"          daemon [_thread_blocked, id=8008, stack(0x000000ae1e800000,0x000000ae1e900000) (1024K)]
  0x0000026bdd940370 JavaThread "Finalizer"                  daemon [_thread_blocked, id=18672, stack(0x000000ae1e900000,0x000000ae1ea00000) (1024K)]
  0x0000026bdd9467b0 JavaThread "Signal Dispatcher"          daemon [_thread_blocked, id=17144, stack(0x000000ae1ea00000,0x000000ae1eb00000) (1024K)]
  0x0000026bdd947480 JavaThread "Attach Listener"            daemon [_thread_blocked, id=7140, stack(0x000000ae1eb00000,0x000000ae1ec00000) (1024K)]
  0x0000026bdd948bf0 JavaThread "Service Thread"             daemon [_thread_blocked, id=19580, stack(0x000000ae1ec00000,0x000000ae1ed00000) (1024K)]
  0x0000026bdd94a490 JavaThread "Monitor Deflation Thread"   daemon [_thread_blocked, id=8928, stack(0x000000ae1ed00000,0x000000ae1ee00000) (1024K)]
=>0x0000026bdd959770 JavaThread "C2 CompilerThread0"         daemon [_thread_in_native, id=4960, stack(0x000000ae1ee00000,0x000000ae1ef00000) (1024K)]
  0x0000026bdd957b40 JavaThread "C1 CompilerThread0"         daemon [_thread_blocked, id=18620, stack(0x000000ae1ef00000,0x000000ae1f000000) (1024K)]
  0x0000026bde5e57a0 JavaThread "C1 CompilerThread1"         daemon [_thread_blocked, id=18416, stack(0x000000ae1f000000,0x000000ae1f100000) (1024K)]
  0x0000026bde6cbb00 JavaThread "Notification Thread"        daemon [_thread_blocked, id=19536, stack(0x000000ae1f100000,0x000000ae1f200000) (1024K)]
  0x0000026bde6d3af0 JavaThread "Common-Cleaner"             daemon [_thread_blocked, id=12132, stack(0x000000ae1f200000,0x000000ae1f300000) (1024K)]
  0x0000026be6031dc0 JavaThread "Catalina-utility-1"                [_thread_blocked, id=14324, stack(0x000000ae20600000,0x000000ae20700000) (1024K)]
  0x0000026be6032420 JavaThread "Catalina-utility-2"                [_thread_blocked, id=11400, stack(0x000000ae20700000,0x000000ae20800000) (1024K)]
  0x0000026be616e920 JavaThread "container-0"                       [_thread_blocked, id=14996, stack(0x000000ae20800000,0x000000ae20900000) (1024K)]
  0x0000026be4a5bc50 JavaThread "http-nio-8081-exec-1"       daemon [_thread_in_Java, id=18264, stack(0x000000ae20900000,0x000000ae20a00000) (1024K)]
  0x0000026be48de0c0 JavaThread "http-nio-8081-exec-2"       daemon [_thread_blocked, id=9388, stack(0x000000ae20a00000,0x000000ae20b00000) (1024K)]
  0x0000026be48de720 JavaThread "http-nio-8081-exec-3"       daemon [_thread_blocked, id=19040, stack(0x000000ae20b00000,0x000000ae20c00000) (1024K)]
  0x0000026be4f69920 JavaThread "http-nio-8081-exec-4"       daemon [_thread_blocked, id=18160, stack(0x000000ae20c00000,0x000000ae20d00000) (1024K)]
  0x0000026be4f6b360 JavaThread "http-nio-8081-exec-5"       daemon [_thread_blocked, id=17628, stack(0x000000ae20d00000,0x000000ae20e00000) (1024K)]
  0x0000026be4f6b9f0 JavaThread "http-nio-8081-exec-6"       daemon [_thread_blocked, id=18356, stack(0x000000ae20e00000,0x000000ae20f00000) (1024K)]
  0x0000026be4f6acd0 JavaThread "http-nio-8081-exec-7"       daemon [_thread_blocked, id=18956, stack(0x000000ae20f00000,0x000000ae21000000) (1024K)]
  0x0000026be4f6c080 JavaThread "http-nio-8081-exec-8"       daemon [_thread_blocked, id=13464, stack(0x000000ae21000000,0x000000ae21100000) (1024K)]
  0x0000026be4f68c00 JavaThread "http-nio-8081-exec-9"       daemon [_thread_blocked, id=4220, stack(0x000000ae21100000,0x000000ae21200000) (1024K)]
  0x0000026be4f69fb0 JavaThread "http-nio-8081-exec-10"      daemon [_thread_blocked, id=19768, stack(0x000000ae21200000,0x000000ae21300000) (1024K)]
  0x0000026be4f69290 JavaThread "http-nio-8081-Poller"       daemon [_thread_in_native, id=13384, stack(0x000000ae21300000,0x000000ae21400000) (1024K)]
  0x0000026be4f6a640 JavaThread "http-nio-8081-Acceptor"     daemon [_thread_in_native, id=19548, stack(0x000000ae21400000,0x000000ae21500000) (1024K)]
  0x0000026be46b5520 JavaThread "DestroyJavaVM"                     [_thread_blocked, id=3052, stack(0x000000ae1e000000,0x000000ae1e100000) (1024K)]
Total: 27

Other Threads:
  0x0000026bdd925750 VMThread "VM Thread"                           [id=17544, stack(0x000000ae1e700000,0x000000ae1e800000) (1024K)]
  0x0000026bdd910ac0 WatcherThread "VM Periodic Task Thread"        [id=4744, stack(0x000000ae1e600000,0x000000ae1e700000) (1024K)]
  0x0000026bc17c6730 WorkerThread "GC Thread#0"                     [id=17984, stack(0x000000ae1e100000,0x000000ae1e200000) (1024K)]
  0x0000026be367b6d0 WorkerThread "GC Thread#1"                     [id=16660, stack(0x000000ae1f700000,0x000000ae1f800000) (1024K)]
  0x0000026be367ba70 WorkerThread "GC Thread#2"                     [id=8452, stack(0x000000ae1f800000,0x000000ae1f900000) (1024K)]
  0x0000026be367be10 WorkerThread "GC Thread#3"                     [id=16984, stack(0x000000ae1f900000,0x000000ae1fa00000) (1024K)]
  0x0000026be3a44d10 WorkerThread "GC Thread#4"                     [id=12616, stack(0x000000ae1fa00000,0x000000ae1fb00000) (1024K)]
  0x0000026be37ce190 WorkerThread "GC Thread#5"                     [id=9452, stack(0x000000ae1fb00000,0x000000ae1fc00000) (1024K)]
  0x0000026be37ce530 WorkerThread "GC Thread#6"                     [id=8624, stack(0x000000ae1fc00000,0x000000ae1fd00000) (1024K)]
  0x0000026be3f30a70 WorkerThread "GC Thread#7"                     [id=16712, stack(0x000000ae1fe00000,0x000000ae1ff00000) (1024K)]
  0x0000026be44b5ed0 WorkerThread "GC Thread#8"                     [id=2864, stack(0x000000ae1ff00000,0x000000ae20000000) (1024K)]
  0x0000026be44b8960 WorkerThread "GC Thread#9"                     [id=17876, stack(0x000000ae20000000,0x000000ae20100000) (1024K)]
  0x0000026be44b85c0 WorkerThread "GC Thread#10"                    [id=6352, stack(0x000000ae20100000,0x000000ae20200000) (1024K)]
  0x0000026be44b8d00 WorkerThread "GC Thread#11"                    [id=18456, stack(0x000000ae20200000,0x000000ae20300000) (1024K)]
  0x0000026be44b90a0 WorkerThread "GC Thread#12"                    [id=19188, stack(0x000000ae20300000,0x000000ae20400000) (1024K)]
  0x0000026bc17d8340 ConcurrentGCThread "G1 Main Marker"            [id=19064, stack(0x000000ae1e200000,0x000000ae1e300000) (1024K)]
  0x0000026bc17d8e40 WorkerThread "G1 Conc#0"                       [id=392, stack(0x000000ae1e300000,0x000000ae1e400000) (1024K)]
  0x0000026be44b7740 WorkerThread "G1 Conc#1"                       [id=17124, stack(0x000000ae1fd00000,0x000000ae1fe00000) (1024K)]
  0x0000026be44b7e80 WorkerThread "G1 Conc#2"                       [id=19488, stack(0x000000ae20500000,0x000000ae20600000) (1024K)]
  0x0000026bc181e440 ConcurrentGCThread "G1 Refine#0"               [id=7072, stack(0x000000ae1e400000,0x000000ae1e500000) (1024K)]
  0x0000026bdd7e1020 ConcurrentGCThread "G1 Service"                [id=1836, stack(0x000000ae1e500000,0x000000ae1e600000) (1024K)]
Total: 21

Threads with active compile tasks:
C2 CompilerThread0  9836 4094 %     4       java.util.Properties$LineReader::readLine @ 293 (584 bytes)
Total: 1

VM state: not at safepoint (normal execution)

VM Mutex/Monitor currently owned by a thread: None

Heap address: 0x0000000709e00000, size: 3938 MB, Compressed Oops mode: Zero based, Oop shift amount: 3

CDS archive(s) mapped at: [0x0000026b80000000-0x0000026b80c80000-0x0000026b80c80000), size 13107200, SharedBaseAddress: 0x0000026b80000000, ArchiveRelocationMode: 1.
Compressed class space mapped at: 0x0000026b81000000-0x0000026bc1000000, reserved size: 1073741824
Narrow klass base: 0x0000026b80000000, Narrow klass shift: 0, Narrow klass range: 0x100000000

GC Precious Log:
 CardTable entry size: 512
 Card Set container configuration: InlinePtr #cards 4 size 8 Array Of Cards #cards 16 size 48 Howl #buckets 8 coarsen threshold 3686 Howl Bitmap #cards 512 size 80 coarsen threshold 460 Card regions per heap region 1 cards per card region 4096
 CPUs: 16 total, 16 available
 Memory: 15746M
 Large Page Support: Disabled
 NUMA Support: Disabled
 Compressed Oops: Enabled (Zero based)
 Heap Region Size: 2M
 Heap Min Capacity: 8M
 Heap Initial Capacity: 248M
 Heap Max Capacity: 3938M
 Pre-touch: Disabled
 Parallel Workers: 13
 Concurrent Workers: 3
 Concurrent Refinement Workers: 13
 Periodic GC: Disabled

Heap:
 garbage-first heap   total 51200K, used 32111K [0x0000000709e00000, 0x0000000800000000)
  region size 2048K, 15 young (30720K), 5 survivors (10240K)
 Metaspace       used 30769K, committed 31296K, reserved 1114112K
  class space    used 3936K, committed 4160K, reserved 1048576K

Heap Regions: E=young(eden), S=young(survivor), O=old, HS=humongous(starts), HC=humongous(continues), CS=collection set, F=free, TAMS=top-at-mark-start, PB=parsable bottom
|   0|0x0000000709e00000, 0x000000070a000000, 0x000000070a000000|100%| O|  |TAMS 0x0000000709e00000| PB 0x0000000709e00000| Untracked 
|   1|0x000000070a000000, 0x000000070a200000, 0x000000070a200000|100%| O|  |TAMS 0x000000070a000000| PB 0x000000070a000000| Untracked 
|   2|0x000000070a200000, 0x000000070a22e080, 0x000000070a400000|  8%| O|Cm|TAMS 0x000000070a200000| PB 0x000000070a200000| Complete 
|   3|0x000000070a400000, 0x000000070a400000, 0x000000070a600000|  0%| F|  |TAMS 0x000000070a400000| PB 0x000000070a400000| Untracked 
|   4|0x000000070a600000, 0x000000070a600000, 0x000000070a800000|  0%| F|  |TAMS 0x000000070a600000| PB 0x000000070a600000| Untracked 
|   5|0x000000070a800000, 0x000000070a800000, 0x000000070aa00000|  0%| F|  |TAMS 0x000000070a800000| PB 0x000000070a800000| Untracked 
|   6|0x000000070aa00000, 0x000000070aa00000, 0x000000070ac00000|  0%| F|  |TAMS 0x000000070aa00000| PB 0x000000070aa00000| Untracked 
|   7|0x000000070ac00000, 0x000000070ac00000, 0x000000070ae00000|  0%| F|  |TAMS 0x000000070ac00000| PB 0x000000070ac00000| Untracked 
|   8|0x000000070ae00000, 0x000000070ae00000, 0x000000070b000000|  0%| F|  |TAMS 0x000000070ae00000| PB 0x000000070ae00000| Untracked 
|   9|0x000000070b000000, 0x000000070b000000, 0x000000070b200000|  0%| F|  |TAMS 0x000000070b000000| PB 0x000000070b000000| Untracked 
|  10|0x000000070b200000, 0x000000070b30b830, 0x000000070b400000| 52%| E|  |TAMS 0x000000070b200000| PB 0x000000070b200000| Complete 
|  11|0x000000070b400000, 0x000000070b600000, 0x000000070b600000|100%| E|CS|TAMS 0x000000070b400000| PB 0x000000070b400000| Complete 
|  12|0x000000070b600000, 0x000000070b800000, 0x000000070b800000|100%| E|CS|TAMS 0x000000070b600000| PB 0x000000070b600000| Complete 
|  13|0x000000070b800000, 0x000000070ba00000, 0x000000070ba00000|100%| E|CS|TAMS 0x000000070b800000| PB 0x000000070b800000| Complete 
|  14|0x000000070ba00000, 0x000000070bc00000, 0x000000070bc00000|100%| E|CS|TAMS 0x000000070ba00000| PB 0x000000070ba00000| Complete 
|  15|0x000000070bc00000, 0x000000070be00000, 0x000000070be00000|100%| E|CS|TAMS 0x000000070bc00000| PB 0x000000070bc00000| Complete 
|  16|0x000000070be00000, 0x000000070c000000, 0x000000070c000000|100%| S|CS|TAMS 0x000000070be00000| PB 0x000000070be00000| Complete 
|  17|0x000000070c000000, 0x000000070c200000, 0x000000070c200000|100%| S|CS|TAMS 0x000000070c000000| PB 0x000000070c000000| Complete 
|  18|0x000000070c200000, 0x000000070c400000, 0x000000070c400000|100%| S|CS|TAMS 0x000000070c200000| PB 0x000000070c200000| Complete 
|  19|0x000000070c400000, 0x000000070c600000, 0x000000070c600000|100%| S|CS|TAMS 0x000000070c400000| PB 0x000000070c400000| Complete 
|  20|0x000000070c600000, 0x000000070c72dd10, 0x000000070c800000| 58%| S|CS|TAMS 0x000000070c600000| PB 0x000000070c600000| Complete 
| 102|0x0000000716a00000, 0x0000000716c00000, 0x0000000716c00000|100%| E|CS|TAMS 0x0000000716a00000| PB 0x0000000716a00000| Complete 
| 103|0x0000000716c00000, 0x0000000716e00000, 0x0000000716e00000|100%| E|CS|TAMS 0x0000000716c00000| PB 0x0000000716c00000| Complete 
| 104|0x0000000716e00000, 0x0000000717000000, 0x0000000717000000|100%| E|CS|TAMS 0x0000000716e00000| PB 0x0000000716e00000| Complete 
| 123|0x0000000719400000, 0x0000000719600000, 0x0000000719600000|100%| E|CS|TAMS 0x0000000719400000| PB 0x0000000719400000| Complete 

Card table byte_map: [0x0000026bd6f30000,0x0000026bd76f0000] _byte_map_base: 0x0000026bd36e1000

Marking Bits: (CMBitMap*) 0x0000026bc17c6e30
 Bits: [0x0000026bd76f0000, 0x0000026bdb478000)

Polling page: 0x0000026bc14b0000

Metaspace:

Usage:
  Non-class:     26.21 MB used.
      Class:      3.84 MB used.
       Both:     30.06 MB used.

Virtual space:
  Non-class space:       64.00 MB reserved,      26.50 MB ( 41%) committed,  1 nodes.
      Class space:        1.00 GB reserved,       4.06 MB ( <1%) committed,  1 nodes.
             Both:        1.06 GB reserved,      30.56 MB (  3%) committed. 

Chunk freelists:
   Non-Class:  5.20 MB
       Class:  11.83 MB
        Both:  17.03 MB

MaxMetaspaceSize: unlimited
CompressedClassSpaceSize: 1.00 GB
Initial GC threshold: 21.00 MB
Current GC threshold: 35.12 MB
CDS: on
 - commit_granule_bytes: 65536.
 - commit_granule_words: 8192.
 - virtual_space_node_default_size: 8388608.
 - enlarge_chunks_in_place: 1.
 - use_allocation_guard: 0.


Internal statistics:

num_allocs_failed_limit: 3.
num_arena_births: 772.
num_arena_deaths: 0.
num_vsnodes_births: 2.
num_vsnodes_deaths: 0.
num_space_committed: 489.
num_space_uncommitted: 0.
num_chunks_returned_to_freelist: 3.
num_chunks_taken_from_freelist: 1935.
num_chunk_merges: 3.
num_chunk_splits: 1278.
num_chunks_enlarged: 889.
num_inconsistent_stats: 0.

CodeHeap 'non-profiled nmethods': size=119168Kb used=2069Kb max_used=2069Kb free=117098Kb
 bounds [0x0000026bce360000, 0x0000026bce5d0000, 0x0000026bd57c0000]
CodeHeap 'profiled nmethods': size=119104Kb used=8389Kb max_used=8389Kb free=110715Kb
 bounds [0x0000026bc67c0000, 0x0000026bc7000000, 0x0000026bcdc10000]
CodeHeap 'non-nmethods': size=7488Kb used=1962Kb max_used=3135Kb free=5525Kb
 bounds [0x0000026bcdc10000, 0x0000026bcdf30000, 0x0000026bce360000]
CodeCache: size=245760Kb, used=12420Kb, max_used=13593Kb, free=233338Kb
 total_blobs=4664, nmethods=4103, adapters=463, full_count=0
Compilation: enabled, stopped_count=0, restarted_count=0

Compilation events (20 events):
Event: 7.770 Thread 0x0000026be3375d10 nmethod 4081 0x0000026bc6fed310 code [0x0000026bc6fed4a0, 0x0000026bc6fed598]
Event: 7.773 Thread 0x0000026bdd957b40 4082       3       java.lang.invoke.MethodHandles::filterArgumentsWithCombiner (9 bytes)
Event: 7.773 Thread 0x0000026bdd957b40 nmethod 4082 0x0000026bc6fed610 code [0x0000026bc6fed7c0, 0x0000026bc6fed8f8]
Event: 7.775 Thread 0x0000026bdd957b40 4088       1       org.apache.coyote.http11.Http11InputBuffer::getByteBuffer (5 bytes)
Event: 7.775 Thread 0x0000026bde5e57a0 4089       3       org.apache.coyote.http11.Http11InputBuffer::getHeaderByteBuffer (5 bytes)
Event: 7.775 Thread 0x0000026bdd957b40 nmethod 4088 0x0000026bce564190 code [0x0000026bce564320, 0x0000026bce5643f0]
Event: 7.775 Thread 0x0000026bde5e57a0 nmethod 4089 0x0000026bc6fed990 code [0x0000026bc6fedb20, 0x0000026bc6fedc48]
Event: 7.775 Thread 0x0000026bdd959770 4090       4       java.nio.HeapByteBuffer::ix (7 bytes)
Event: 7.776 Thread 0x0000026be3375d10 4091       3       java.nio.HeapByteBuffer::put (17 bytes)
Event: 7.776 Thread 0x0000026bde5e57a0 4092   !   3       org.apache.tomcat.util.http.parser.HttpParser::isControl (9 bytes)
Event: 7.776 Thread 0x0000026bde5e57a0 nmethod 4092 0x0000026bc6fedd10 code [0x0000026bc6fedec0, 0x0000026bc6fee030]
Event: 7.776 Thread 0x0000026be3375d10 nmethod 4091 0x0000026bc6fee110 code [0x0000026bc6fee2c0, 0x0000026bc6fee510]
Event: 7.776 Thread 0x0000026bdd959770 nmethod 4090 0x0000026bce564490 code [0x0000026bce564620, 0x0000026bce5646b0]
Event: 7.776 Thread 0x0000026bdd959770 4093       4       java.nio.Buffer::checkIndex (12 bytes)
Event: 7.776 Thread 0x0000026bdd959770 nmethod 4093 0x0000026bce564790 code [0x0000026bce564920, 0x0000026bce5649f0]
Event: 7.789 Thread 0x0000026bdd959770 4094 %     4       java.util.Properties$LineReader::readLine @ 293 (584 bytes)
Event: 7.792 Thread 0x0000026bde5e57a0 4095       3       org.springframework.core.OrderComparator::doCompare (60 bytes)
Event: 7.792 Thread 0x0000026bde5e57a0 nmethod 4095 0x0000026bc6fee690 code [0x0000026bc6fee8a0, 0x0000026bc6feefb0]
Event: 7.795 Thread 0x0000026bde5e57a0 4096       1       org.apache.tomcat.util.http.MimeHeaderField::getName (5 bytes)
Event: 7.795 Thread 0x0000026bde5e57a0 nmethod 4096 0x0000026bce564a90 code [0x0000026bce564c20, 0x0000026bce564cf0]

GC Heap History (8 events):
Event: 0.420 GC heap before
{Heap before GC invocations=0 (full 0):
 garbage-first heap   total 253952K, used 20480K [0x0000000709e00000, 0x0000000800000000)
  region size 2048K, 11 young (22528K), 0 survivors (0K)
 Metaspace       used 6559K, committed 6720K, reserved 1114112K
  class space    used 773K, committed 832K, reserved 1048576K
}
Event: 0.423 GC heap after
{Heap after GC invocations=1 (full 0):
 garbage-first heap   total 253952K, used 4303K [0x0000000709e00000, 0x0000000800000000)
  region size 2048K, 2 young (4096K), 2 survivors (4096K)
 Metaspace       used 6559K, committed 6720K, reserved 1114112K
  class space    used 773K, committed 832K, reserved 1048576K
}
Event: 0.728 GC heap before
{Heap before GC invocations=1 (full 0):
 garbage-first heap   total 253952K, used 35023K [0x0000000709e00000, 0x0000000800000000)
  region size 2048K, 17 young (34816K), 2 survivors (4096K)
 Metaspace       used 14612K, committed 14912K, reserved 1114112K
  class space    used 1855K, committed 1984K, reserved 1048576K
}
Event: 0.733 GC heap after
{Heap after GC invocations=2 (full 0):
 garbage-first heap   total 253952K, used 7109K [0x0000000709e00000, 0x0000000800000000)
  region size 2048K, 2 young (4096K), 2 survivors (4096K)
 Metaspace       used 14612K, committed 14912K, reserved 1114112K
  class space    used 1855K, committed 1984K, reserved 1048576K
}
Event: 1.130 GC heap before
{Heap before GC invocations=2 (full 0):
 garbage-first heap   total 253952K, used 39877K [0x0000000709e00000, 0x0000000800000000)
  region size 2048K, 19 young (38912K), 2 survivors (4096K)
 Metaspace       used 21107K, committed 21504K, reserved 1114112K
  class space    used 2642K, committed 2816K, reserved 1048576K
}
Event: 1.134 GC heap after
{Heap after GC invocations=3 (full 0):
 garbage-first heap   total 253952K, used 10424K [0x0000000709e00000, 0x0000000800000000)
  region size 2048K, 3 young (6144K), 3 survivors (6144K)
 Metaspace       used 21107K, committed 21504K, reserved 1114112K
  class space    used 2642K, committed 2816K, reserved 1048576K
}
Event: 1.591 GC heap before
{Heap before GC invocations=4 (full 0):
 garbage-first heap   total 40960K, used 39096K [0x0000000709e00000, 0x0000000800000000)
  region size 2048K, 17 young (34816K), 3 survivors (6144K)
 Metaspace       used 27041K, committed 27584K, reserved 1114112K
  class space    used 3443K, committed 3648K, reserved 1048576K
}
Event: 1.595 GC heap after
{Heap after GC invocations=5 (full 0):
 garbage-first heap   total 51200K, used 13679K [0x0000000709e00000, 0x0000000800000000)
  region size 2048K, 5 young (10240K), 5 survivors (10240K)
 Metaspace       used 27041K, committed 27584K, reserved 1114112K
  class space    used 3443K, committed 3648K, reserved 1048576K
}

Dll operation events (10 events):
Event: 0.005 Loaded shared library C:\Users\CCC-PC\.p2\pool\plugins\org.eclipse.justj.openjdk.hotspot.jre.full.win32.x86_64_21.0.9.v20251105-0741\jre\bin\java.dll
Event: 0.036 Loaded shared library C:\Users\CCC-PC\.p2\pool\plugins\org.eclipse.justj.openjdk.hotspot.jre.full.win32.x86_64_21.0.9.v20251105-0741\jre\bin\zip.dll
Event: 0.068 Loaded shared library C:\Users\CCC-PC\.p2\pool\plugins\org.eclipse.justj.openjdk.hotspot.jre.full.win32.x86_64_21.0.9.v20251105-0741\jre\bin\net.dll
Event: 0.069 Loaded shared library C:\Users\CCC-PC\.p2\pool\plugins\org.eclipse.justj.openjdk.hotspot.jre.full.win32.x86_64_21.0.9.v20251105-0741\jre\bin\nio.dll
Event: 0.071 Loaded shared library C:\Users\CCC-PC\.p2\pool\plugins\org.eclipse.justj.openjdk.hotspot.jre.full.win32.x86_64_21.0.9.v20251105-0741\jre\bin\zip.dll
Event: 0.117 Loaded shared library C:\Users\CCC-PC\.p2\pool\plugins\org.eclipse.justj.openjdk.hotspot.jre.full.win32.x86_64_21.0.9.v20251105-0741\jre\bin\jimage.dll
Event: 0.823 Loaded shared library C:\Users\CCC-PC\.p2\pool\plugins\org.eclipse.justj.openjdk.hotspot.jre.full.win32.x86_64_21.0.9.v20251105-0741\jre\bin\sunmscapi.dll
Event: 1.411 Loaded shared library C:\Users\CCC-PC\.p2\pool\plugins\org.eclipse.justj.openjdk.hotspot.jre.full.win32.x86_64_21.0.9.v20251105-0741\jre\bin\management.dll
Event: 1.413 Loaded shared library C:\Users\CCC-PC\.p2\pool\plugins\org.eclipse.justj.openjdk.hotspot.jre.full.win32.x86_64_21.0.9.v20251105-0741\jre\bin\management_ext.dll
Event: 1.733 Loaded shared library C:\Users\CCC-PC\.p2\pool\plugins\org.eclipse.justj.openjdk.hotspot.jre.full.win32.x86_64_21.0.9.v20251105-0741\jre\bin\extnet.dll

Deoptimization events (20 events):
Event: 1.750 Thread 0x0000026bc11a88b0 Uncommon trap: trap_request=0xffffffd6 fr.pc=0x0000026bce5529f0 relative=0x00000000000017b0
Event: 1.750 Thread 0x0000026bc11a88b0 Uncommon trap: reason=array_check action=maybe_recompile pc=0x0000026bce5529f0 method=org.springframework.util.ConcurrentReferenceHashMap$Segment.lambda$doTask$0(Ljava/lang/Object;ILorg/springframework/util/ConcurrentReferenceHashMap$Reference;ILjava/lang
Event: 1.750 Thread 0x0000026bc11a88b0 DEOPT PACKING pc=0x0000026bce5529f0 sp=0x000000ae1e0fe850
Event: 1.750 Thread 0x0000026bc11a88b0 DEOPT UNPACKING pc=0x0000026bcdc64422 sp=0x000000ae1e0fe608 mode 2
Event: 1.750 Thread 0x0000026bc11a88b0 Uncommon trap: trap_request=0xffffffd6 fr.pc=0x0000026bce54f1b4 relative=0x00000000000017f4
Event: 1.750 Thread 0x0000026bc11a88b0 Uncommon trap: reason=array_check action=maybe_recompile pc=0x0000026bce54f1b4 method=org.springframework.util.ConcurrentReferenceHashMap$Segment.lambda$doTask$0(Ljava/lang/Object;ILorg/springframework/util/ConcurrentReferenceHashMap$Reference;ILjava/lang
Event: 1.750 Thread 0x0000026bc11a88b0 DEOPT PACKING pc=0x0000026bce54f1b4 sp=0x000000ae1e0fe940
Event: 1.750 Thread 0x0000026bc11a88b0 DEOPT UNPACKING pc=0x0000026bcdc64422 sp=0x000000ae1e0fe790 mode 2
Event: 1.753 Thread 0x0000026bc11a88b0 Uncommon trap: trap_request=0xffffffd6 fr.pc=0x0000026bce54ab94 relative=0x00000000000015f4
Event: 1.753 Thread 0x0000026bc11a88b0 Uncommon trap: reason=array_check action=maybe_recompile pc=0x0000026bce54ab94 method=org.springframework.util.ConcurrentReferenceHashMap$Segment.lambda$doTask$0(Ljava/lang/Object;ILorg/springframework/util/ConcurrentReferenceHashMap$Reference;ILjava/lang
Event: 1.753 Thread 0x0000026bc11a88b0 DEOPT PACKING pc=0x0000026bce54ab94 sp=0x000000ae1e0fe250
Event: 1.753 Thread 0x0000026bc11a88b0 DEOPT UNPACKING pc=0x0000026bcdc64422 sp=0x000000ae1e0fdf98 mode 2
Event: 1.753 Thread 0x0000026bc11a88b0 Uncommon trap: trap_request=0xffffffd6 fr.pc=0x0000026bce545504 relative=0x0000000000000704
Event: 1.753 Thread 0x0000026bc11a88b0 Uncommon trap: reason=array_check action=maybe_recompile pc=0x0000026bce545504 method=org.springframework.util.ConcurrentReferenceHashMap$Segment.lambda$doTask$0(Ljava/lang/Object;ILorg/springframework/util/ConcurrentReferenceHashMap$Reference;ILjava/lang
Event: 1.753 Thread 0x0000026bc11a88b0 DEOPT PACKING pc=0x0000026bce545504 sp=0x000000ae1e0fdf80
Event: 1.753 Thread 0x0000026bc11a88b0 DEOPT UNPACKING pc=0x0000026bcdc64422 sp=0x000000ae1e0fde58 mode 2
Event: 3.757 Thread 0x0000026be6032420 Uncommon trap: trap_request=0xffffff45 fr.pc=0x0000026bce4c6a94 relative=0x0000000000000254
Event: 3.757 Thread 0x0000026be6032420 Uncommon trap: reason=unstable_if action=reinterpret pc=0x0000026bce4c6a94 method=java.util.concurrent.locks.ReentrantLock$Sync.lock()V @ 4 c2
Event: 3.757 Thread 0x0000026be6032420 DEOPT PACKING pc=0x0000026bce4c6a94 sp=0x000000ae207fee70
Event: 3.757 Thread 0x0000026be6032420 DEOPT UNPACKING pc=0x0000026bcdc64422 sp=0x000000ae207fedd0 mode 2

Classes loaded (20 events):
Event: 6.715 Loading class sun/nio/ch/SocketOptionRegistry$LazyInitialization
Event: 6.715 Loading class sun/nio/ch/SocketOptionRegistry$LazyInitialization done
Event: 6.715 Loading class sun/nio/ch/OptionKey
Event: 6.715 Loading class sun/nio/ch/OptionKey done
Event: 6.716 Loading class sun/nio/ch/SelectionKeyImpl
Event: 6.716 Loading class java/nio/channels/spi/AbstractSelectionKey
Event: 6.716 Loading class java/nio/channels/SelectionKey
Event: 6.716 Loading class java/nio/channels/SelectionKey done
Event: 6.716 Loading class java/nio/channels/spi/AbstractSelectionKey done
Event: 6.716 Loading class sun/nio/ch/SelectionKeyImpl done
Event: 6.716 Loading class java/lang/invoke/ConstantBootstraps
Event: 6.716 Loading class java/lang/invoke/ConstantBootstraps done
Event: 7.777 Loading class sun/nio/cs/ThreadLocalCoders
Event: 7.777 Loading class sun/nio/cs/ThreadLocalCoders done
Event: 7.777 Loading class sun/nio/cs/ThreadLocalCoders$1
Event: 7.777 Loading class sun/nio/cs/ThreadLocalCoders$Cache
Event: 7.777 Loading class sun/nio/cs/ThreadLocalCoders$Cache done
Event: 7.777 Loading class sun/nio/cs/ThreadLocalCoders$1 done
Event: 7.777 Loading class sun/nio/cs/ThreadLocalCoders$2
Event: 7.777 Loading class sun/nio/cs/ThreadLocalCoders$2 done

Classes unloaded (0 events):
No events

Classes redefined (0 events):
No events

Internal exceptions (20 events):
Event: 1.271 Thread 0x0000026bc11a88b0 Exception <a 'java/lang/NoSuchMethodError'{0x000000070b759b20}: 'java.lang.Object java.lang.invoke.DirectMethodHandle$Holder.invokeVirtual(java.lang.Object, java.lang.Object, java.lang.Object, java.lang.Object, java.lang.Object)'> (0x000000070b759b20) 
thrown [s\src\hotspot\share\interpreter\linkResolver.cpp, line 773]
Event: 1.293 Thread 0x0000026bc11a88b0 Exception <a 'java/lang/NoSuchMethodError'{0x000000070b4800b8}: 'java.lang.Object java.lang.invoke.DirectMethodHandle$Holder.invokeStaticInit(java.lang.Object, int, int, int, int)'> (0x000000070b4800b8) 
thrown [s\src\hotspot\share\interpreter\linkResolver.cpp, line 773]
Event: 1.336 Thread 0x0000026bc11a88b0 Exception <a 'java/lang/NoSuchMethodError'{0x000000070b4e7548}: 'java.lang.Object java.lang.invoke.DirectMethodHandle$Holder.invokeStaticInit(java.lang.Object, java.lang.Object, int, int, int, int)'> (0x000000070b4e7548) 
thrown [s\src\hotspot\share\interpreter\linkResolver.cpp, line 773]
Event: 1.397 Thread 0x0000026bc11a88b0 Exception <a 'java/lang/NoSuchMethodError'{0x000000070b1086a8}: 'int java.lang.invoke.DirectMethodHandle$Holder.invokeVirtual(java.lang.Object, java.lang.Object, java.lang.Object, java.lang.Object)'> (0x000000070b1086a8) 
thrown [s\src\hotspot\share\interpreter\linkResolver.cpp, line 773]
Event: 1.398 Thread 0x0000026bc11a88b0 Exception <a 'java/lang/NoSuchMethodError'{0x000000070b10c1a0}: 'int java.lang.invoke.DelegatingMethodHandle$Holder.reinvoke_L(java.lang.Object, java.lang.Object, java.lang.Object, java.lang.Object)'> (0x000000070b10c1a0) 
thrown [s\src\hotspot\share\interpreter\linkResolver.cpp, line 773]
Event: 1.419 Thread 0x0000026bc11a88b0 Exception <a 'java/io/FileNotFoundException'{0x000000070ae0f8d8}> (0x000000070ae0f8d8) 
thrown [s\src\hotspot\share\prims\jni.cpp, line 520]
Event: 1.446 Thread 0x0000026bc11a88b0 Exception <a 'java/lang/NoSuchMethodError'{0x000000070afbbe08}: 'int java.lang.invoke.DirectMethodHandle$Holder.invokeInterface(java.lang.Object, java.lang.Object, java.lang.Object, java.lang.Object)'> (0x000000070afbbe08) 
thrown [s\src\hotspot\share\interpreter\linkResolver.cpp, line 773]
Event: 1.477 Thread 0x0000026bc11a88b0 Exception <a 'java/lang/NoSuchMethodError'{0x000000070ad8a928}: 'long java.lang.invoke.DirectMethodHandle$Holder.invokeVirtual(java.lang.Object, java.lang.Object)'> (0x000000070ad8a928) 
thrown [s\src\hotspot\share\interpreter\linkResolver.cpp, line 773]
Event: 1.495 Thread 0x0000026bc11a88b0 Exception <a 'java/lang/NoSuchMethodError'{0x000000070aa94070}: 'void java.lang.invoke.DirectMethodHandle$Holder.invokeVirtual(java.lang.Object, java.lang.Object, long)'> (0x000000070aa94070) 
thrown [s\src\hotspot\share\interpreter\linkResolver.cpp, line 773]
Event: 1.524 Thread 0x0000026bc11a88b0 Exception <a 'java/lang/NoSuchMethodError'{0x000000070a9de658}: 'java.lang.Object java.lang.invoke.DirectMethodHandle$Holder.newInvokeSpecial(java.lang.Object, java.lang.Object, java.lang.Object, java.lang.Object, java.lang.Object, java.lang.Object, java.lang.Object, java.lang.Object, java.lang.Object, java.lang.Object, java.lang.Object)'> (0x000000070a9de658) 
thrown [s\src\hotspot\share\interpreter\linkResolver.cpp, line 773]
Event: 1.551 Thread 0x0000026bc11a88b0 Exception <a 'java/lang/NoSuchMethodError'{0x000000070a7766e8}: 'java.lang.Object java.lang.invoke.DirectMethodHandle$Holder.invokeVirtual(java.lang.Object, java.lang.Object, java.lang.Object, java.lang.Object)'> (0x000000070a7766e8) 
thrown [s\src\hotspot\share\interpreter\linkResolver.cpp, line 773]
Event: 1.565 Thread 0x0000026bc11a88b0 Exception <a 'java/lang/NoSuchMethodError'{0x000000070a421ef0}: 'java.lang.Object java.lang.invoke.DirectMethodHandle$Holder.invokeVirtual(java.lang.Object, java.lang.Object, java.lang.Object, int)'> (0x000000070a421ef0) 
thrown [s\src\hotspot\share\interpreter\linkResolver.cpp, line 773]
Event: 1.581 Thread 0x0000026bc11a88b0 Exception <a 'java/lang/NoSuchMethodError'{0x000000070a569010}: 'java.lang.Object java.lang.invoke.DirectMethodHandle$Holder.invokeVirtual(java.lang.Object, java.lang.Object, int)'> (0x000000070a569010) 
thrown [s\src\hotspot\share\interpreter\linkResolver.cpp, line 773]
Event: 1.627 Thread 0x0000026bc11a88b0 Exception <a 'java/lang/IncompatibleClassChangeError'{0x0000000716c02050}: Found class java.lang.Object, but interface was expected> (0x0000000716c02050) 
thrown [s\src\hotspot\share\interpreter\linkResolver.cpp, line 840]
Event: 1.672 Thread 0x0000026bc11a88b0 Exception <a 'java/lang/NoSuchMethodError'{0x0000000716b01130}: 'int java.lang.invoke.DirectMethodHandle$Holder.invokeStaticInit(java.lang.Object, java.lang.Object, java.lang.Object, java.lang.Object)'> (0x0000000716b01130) 
thrown [s\src\hotspot\share\interpreter\linkResolver.cpp, line 773]
Event: 1.728 Thread 0x0000026bc11a88b0 Exception <a 'java/lang/NoSuchMethodError'{0x000000070bbda370}: 'java.lang.Object java.lang.invoke.DirectMethodHandle$Holder.newInvokeSpecial(java.lang.Object, java.lang.Object, int, java.lang.Object, java.lang.Object)'> (0x000000070bbda370) 
thrown [s\src\hotspot\share\interpreter\linkResolver.cpp, line 773]
Event: 6.712 Thread 0x0000026be4f6a640 Exception <a 'java/lang/NoSuchMethodError'{0x000000070b73dd18}: 'java.lang.Object java.lang.invoke.DirectMethodHandle$Holder.invokeStatic(java.lang.Object, java.lang.Object, java.lang.Object, int, int)'> (0x000000070b73dd18) 
thrown [s\src\hotspot\share\interpreter\linkResolver.cpp, line 773]
Event: 6.712 Thread 0x0000026be4f6a640 Exception <a 'java/lang/NoSuchMethodError'{0x000000070b7414f8}: 'java.lang.Object java.lang.invoke.DirectMethodHandle$Holder.invokeStaticInit(java.lang.Object, java.lang.Object, java.lang.Object, int, int)'> (0x000000070b7414f8) 
thrown [s\src\hotspot\share\interpreter\linkResolver.cpp, line 773]
Event: 7.774 Thread 0x0000026be4a5bc50 Exception <a 'java/lang/NoSuchMethodError'{0x000000070b465a30}: 'java.lang.Object java.lang.invoke.DirectMethodHandle$Holder.invokeSpecial(java.lang.Object, java.lang.Object, java.lang.Object, java.lang.Object, java.lang.Object, long)'> (0x000000070b465a30) 
thrown [s\src\hotspot\share\interpreter\linkResolver.cpp, line 773]
Event: 7.774 Thread 0x0000026be4a5bc50 Exception <a 'java/lang/NoSuchMethodError'{0x000000070b469468}: 'java.lang.Object java.lang.invoke.Invokers$Holder.linkToTargetMethod(java.lang.Object, java.lang.Object, java.lang.Object, long, java.lang.Object)'> (0x000000070b469468) 
thrown [s\src\hotspot\share\interpreter\linkResolver.cpp, line 773]

ZGC Phase Switch (0 events):
No events

VM Operations (20 events):
Event: 1.583 Executing VM operation: ICBufferFull
Event: 1.583 Executing VM operation: ICBufferFull done
Event: 1.591 Executing VM operation: G1CollectForAllocation (G1 Evacuation Pause)
Event: 1.595 Executing VM operation: G1CollectForAllocation (G1 Evacuation Pause) done
Event: 1.617 Executing VM operation: HandshakeAllThreads (Deoptimize)
Event: 1.617 Executing VM operation: HandshakeAllThreads (Deoptimize) done
Event: 1.633 Executing VM operation: HandshakeAllThreads (Deoptimize)
Event: 1.633 Executing VM operation: HandshakeAllThreads (Deoptimize) done
Event: 1.636 Executing VM operation: HandshakeAllThreads (Deoptimize)
Event: 1.636 Executing VM operation: HandshakeAllThreads (Deoptimize) done
Event: 1.659 Executing VM operation: HandshakeAllThreads (Deoptimize)
Event: 1.660 Executing VM operation: HandshakeAllThreads (Deoptimize) done
Event: 2.670 Executing VM operation: Cleanup
Event: 2.670 Executing VM operation: Cleanup done
Event: 7.784 Executing VM operation: HandshakeAllThreads (Deoptimize)
Event: 7.784 Executing VM operation: HandshakeAllThreads (Deoptimize) done
Event: 7.785 Executing VM operation: Cleanup
Event: 7.785 Executing VM operation: Cleanup done
Event: 8.797 Executing VM operation: Cleanup
Event: 8.797 Executing VM operation: Cleanup done

Memory protections (0 events):
No events

Nmethod flushes (0 events):
No events

Events (20 events):
Event: 1.485 Thread 0x0000026be6031dc0 Thread added: 0x0000026be6032420
Event: 1.488 Thread 0x0000026bc11a88b0 Thread added: 0x0000026be616e920
Event: 1.738 Thread 0x0000026bc11a88b0 Thread added: 0x0000026be4a5bc50
Event: 1.738 Thread 0x0000026bc11a88b0 Thread added: 0x0000026be48de0c0
Event: 1.738 Thread 0x0000026bc11a88b0 Thread added: 0x0000026be48de720
Event: 1.738 Thread 0x0000026bc11a88b0 Thread added: 0x0000026be4f69920
Event: 1.738 Thread 0x0000026bc11a88b0 Thread added: 0x0000026be4f6b360
Event: 1.738 Thread 0x0000026bc11a88b0 Thread added: 0x0000026be4f6b9f0
Event: 1.738 Thread 0x0000026bc11a88b0 Thread added: 0x0000026be4f6acd0
Event: 1.738 Thread 0x0000026bc11a88b0 Thread added: 0x0000026be4f6c080
Event: 1.738 Thread 0x0000026bc11a88b0 Thread added: 0x0000026be4f68c00
Event: 1.738 Thread 0x0000026bc11a88b0 Thread added: 0x0000026be4f69fb0
Event: 1.747 Thread 0x0000026bc11a88b0 Thread added: 0x0000026be4f69290
Event: 1.747 Thread 0x0000026bc11a88b0 Thread added: 0x0000026be4f6a640
Event: 1.756 Thread 0x0000026bc11a88b0 Thread exited: 0x0000026bc11a88b0
Event: 1.756 Thread 0x0000026be46b5520 Thread added: 0x0000026be46b5520
Event: 6.715 Thread 0x0000026be33769d0 Thread exited: 0x0000026be33769d0
Event: 7.770 Thread 0x0000026be4aa3900 Thread exited: 0x0000026be4aa3900
Event: 7.770 Thread 0x0000026bde7a4aa0 Thread exited: 0x0000026bde7a4aa0
Event: 7.773 Thread 0x0000026bde7a4400 Thread exited: 0x0000026bde7a4400


Dynamic libraries:
0x00007ff6e9a10000 - 0x00007ff6e9a1e000 	C:\Users\CCC-PC\.p2\pool\plugins\org.eclipse.justj.openjdk.hotspot.jre.full.win32.x86_64_21.0.9.v20251105-0741\jre\bin\javaw.exe
0x00007fffe8f20000 - 0x00007fffe9187000 	C:\Windows\SYSTEM32\ntdll.dll
0x00007fffe72f0000 - 0x00007fffe73b9000 	C:\Windows\System32\KERNEL32.DLL
0x00007fffe6320000 - 0x00007fffe670f000 	C:\Windows\System32\KERNELBASE.dll
0x00007fffe6720000 - 0x00007fffe686b000 	C:\Windows\System32\ucrtbase.dll
0x00007fffe1260000 - 0x00007fffe1278000 	C:\Users\CCC-PC\.p2\pool\plugins\org.eclipse.justj.openjdk.hotspot.jre.full.win32.x86_64_21.0.9.v20251105-0741\jre\bin\jli.dll
0x00007fffe1220000 - 0x00007fffe123e000 	C:\Users\CCC-PC\.p2\pool\plugins\org.eclipse.justj.openjdk.hotspot.jre.full.win32.x86_64_21.0.9.v20251105-0741\jre\bin\VCRUNTIME140.dll
0x00007fffe7f50000 - 0x00007fffe8115000 	C:\Windows\System32\USER32.dll
0x00007fffe6870000 - 0x00007fffe6897000 	C:\Windows\System32\win32u.dll
0x00007fffd8300000 - 0x00007fffd8593000 	C:\Windows\WinSxS\amd64_microsoft.windows.common-controls_6595b64144ccf1df_6.0.26100.7309_none_3e05feeae336a044\COMCTL32.dll
0x00007fffe8a90000 - 0x00007fffe8abb000 	C:\Windows\System32\GDI32.dll
0x00007fffe7010000 - 0x00007fffe70b9000 	C:\Windows\System32\msvcrt.dll
0x00007fffe68a0000 - 0x00007fffe69cc000 	C:\Windows\System32\gdi32full.dll
0x00007fffe6270000 - 0x00007fffe6313000 	C:\Windows\System32\msvcp_win.dll
0x00007fffe73c0000 - 0x00007fffe73f1000 	C:\Windows\System32\IMM32.DLL
0x00007fffe1210000 - 0x00007fffe121c000 	C:\Users\CCC-PC\.p2\pool\plugins\org.eclipse.justj.openjdk.hotspot.jre.full.win32.x86_64_21.0.9.v20251105-0741\jre\bin\vcruntime140_1.dll
0x00007fffd1810000 - 0x00007fffd189d000 	C:\Users\CCC-PC\.p2\pool\plugins\org.eclipse.justj.openjdk.hotspot.jre.full.win32.x86_64_21.0.9.v20251105-0741\jre\bin\msvcp140.dll
0x00007fff5b600000 - 0x00007fff5c3a0000 	C:\Users\CCC-PC\.p2\pool\plugins\org.eclipse.justj.openjdk.hotspot.jre.full.win32.x86_64_21.0.9.v20251105-0741\jre\bin\server\jvm.dll
0x00007fffe8120000 - 0x00007fffe81d4000 	C:\Windows\System32\ADVAPI32.dll
0x00007fffe6dc0000 - 0x00007fffe6e66000 	C:\Windows\System32\sechost.dll
0x00007fffe87d0000 - 0x00007fffe88e8000 	C:\Windows\System32\RPCRT4.dll
0x00007fffe6f00000 - 0x00007fffe6f74000 	C:\Windows\System32\WS2_32.dll
0x00007fffe5ed0000 - 0x00007fffe5f2e000 	C:\Windows\SYSTEM32\POWRPROF.dll
0x00007fffde8a0000 - 0x00007fffde8ab000 	C:\Windows\SYSTEM32\VERSION.dll
0x00007fffde860000 - 0x00007fffde895000 	C:\Windows\SYSTEM32\WINMM.dll
0x00007fffe5eb0000 - 0x00007fffe5ec4000 	C:\Windows\SYSTEM32\UMPDC.dll
0x00007fffe4e20000 - 0x00007fffe4e3b000 	C:\Windows\SYSTEM32\kernel.appcore.dll
0x00007fff74830000 - 0x00007fff7483a000 	C:\Users\CCC-PC\.p2\pool\plugins\org.eclipse.justj.openjdk.hotspot.jre.full.win32.x86_64_21.0.9.v20251105-0741\jre\bin\jimage.dll
0x00007fffdf460000 - 0x00007fffdf6a2000 	C:\Windows\SYSTEM32\DBGHELP.DLL
0x00007fffe8b50000 - 0x00007fffe8ed5000 	C:\Windows\System32\combase.dll
0x00007fffe7400000 - 0x00007fffe74d6000 	C:\Windows\System32\OLEAUT32.dll
0x00007fffd6440000 - 0x00007fffd647c000 	C:\Windows\SYSTEM32\dbgcore.DLL
0x00007fffe6a90000 - 0x00007fffe6b35000 	C:\Windows\System32\bcryptPrimitives.dll
0x00007fff5b5e0000 - 0x00007fff5b600000 	C:\Users\CCC-PC\.p2\pool\plugins\org.eclipse.justj.openjdk.hotspot.jre.full.win32.x86_64_21.0.9.v20251105-0741\jre\bin\java.dll
0x00007fffe76c0000 - 0x00007fffe7e13000 	C:\Windows\System32\SHELL32.dll
0x00007fffe6100000 - 0x00007fffe626a000 	C:\Windows\System32\wintypes.dll
0x00007fffe3cb0000 - 0x00007fffe450e000 	C:\Windows\SYSTEM32\windows.storage.dll
0x00007fffe7e20000 - 0x00007fffe7f15000 	C:\Windows\System32\SHCORE.dll
0x00007fffe6cc0000 - 0x00007fffe6d26000 	C:\Windows\System32\shlwapi.dll
0x00007fffe5f90000 - 0x00007fffe5fb9000 	C:\Windows\SYSTEM32\profapi.dll
0x00007fff5b5c0000 - 0x00007fff5b5d8000 	C:\Users\CCC-PC\.p2\pool\plugins\org.eclipse.justj.openjdk.hotspot.jre.full.win32.x86_64_21.0.9.v20251105-0741\jre\bin\zip.dll
0x00007fff74820000 - 0x00007fff74830000 	C:\Users\CCC-PC\.p2\pool\plugins\org.eclipse.justj.openjdk.hotspot.jre.full.win32.x86_64_21.0.9.v20251105-0741\jre\bin\net.dll
0x00007fffdf700000 - 0x00007fffdf828000 	C:\Windows\SYSTEM32\WINHTTP.dll
0x00007fffe5390000 - 0x00007fffe53fb000 	C:\Windows\system32\mswsock.dll
0x00007fff5b5a0000 - 0x00007fff5b5b6000 	C:\Users\CCC-PC\.p2\pool\plugins\org.eclipse.justj.openjdk.hotspot.jre.full.win32.x86_64_21.0.9.v20251105-0741\jre\bin\nio.dll
0x00007fff99db0000 - 0x00007fff99dbe000 	C:\Users\CCC-PC\.p2\pool\plugins\org.eclipse.justj.openjdk.hotspot.jre.full.win32.x86_64_21.0.9.v20251105-0741\jre\bin\sunmscapi.dll
0x00007fffe6b40000 - 0x00007fffe6cb7000 	C:\Windows\System32\CRYPT32.dll
0x00007fffe5870000 - 0x00007fffe58a0000 	C:\Windows\SYSTEM32\ncrypt.dll
0x00007fffe5820000 - 0x00007fffe585f000 	C:\Windows\SYSTEM32\NTASN1.dll
0x00007fffe5660000 - 0x00007fffe567b000 	C:\Windows\SYSTEM32\CRYPTSP.dll
0x00007fffe4d80000 - 0x00007fffe4dba000 	C:\Windows\system32\rsaenh.dll
0x00007fffe5440000 - 0x00007fffe546b000 	C:\Windows\SYSTEM32\USERENV.dll
0x00007fffe5f60000 - 0x00007fffe5f8a000 	C:\Windows\SYSTEM32\bcrypt.dll
0x00007fffe5650000 - 0x00007fffe565c000 	C:\Windows\SYSTEM32\CRYPTBASE.dll
0x00007fffe4830000 - 0x00007fffe4864000 	C:\Windows\SYSTEM32\IPHLPAPI.DLL
0x00007fffe6ef0000 - 0x00007fffe6efa000 	C:\Windows\System32\NSI.dll
0x00007fffe1200000 - 0x00007fffe120a000 	C:\Users\CCC-PC\.p2\pool\plugins\org.eclipse.justj.openjdk.hotspot.jre.full.win32.x86_64_21.0.9.v20251105-0741\jre\bin\management.dll
0x00007fffe11f0000 - 0x00007fffe11fc000 	C:\Users\CCC-PC\.p2\pool\plugins\org.eclipse.justj.openjdk.hotspot.jre.full.win32.x86_64_21.0.9.v20251105-0741\jre\bin\management_ext.dll
0x00007fffe6d30000 - 0x00007fffe6d38000 	C:\Windows\System32\PSAPI.DLL
0x00007fff9e480000 - 0x00007fff9e489000 	C:\Users\CCC-PC\.p2\pool\plugins\org.eclipse.justj.openjdk.hotspot.jre.full.win32.x86_64_21.0.9.v20251105-0741\jre\bin\extnet.dll
0x00007fff5c890000 - 0x00007fff5c898000 	C:\Windows\system32\wshunix.dll

JVMTI agents: none

dbghelp: loaded successfully - version: 4.0.5 - missing functions: none
symbol engine: initialized successfully - sym options: 0x614 - pdb path: .;C:\Users\CCC-PC\.p2\pool\plugins\org.eclipse.justj.openjdk.hotspot.jre.full.win32.x86_64_21.0.9.v20251105-0741\jre\bin;C:\Windows\SYSTEM32;C:\Windows\WinSxS\amd64_microsoft.windows.common-controls_6595b64144ccf1df_6.0.26100.7309_none_3e05feeae336a044;C:\Users\CCC-PC\.p2\pool\plugins\org.eclipse.justj.openjdk.hotspot.jre.full.win32.x86_64_21.0.9.v20251105-0741\jre\bin\server

VM Arguments:
jvm_args: -Dfile.encoding=UTF-8 -Dstdout.encoding=UTF-8 -Dstderr.encoding=UTF-8 -XX:+ShowCodeDetailsInExceptionMessages 
java_command: com.example.App.AppApplication
java_class_path (initial): C:\Users\CCC-PC\Downloads\RK\App\target\classes;C:\Users\CCC-PC\.m2\repository\org\springframework\boot\spring-boot-starter-thymeleaf\4.0.1\spring-boot-starter-thymeleaf-4.0.1.jar;C:\Users\CCC-PC\.m2\repository\org\springframework\boot\spring-boot-starter\4.0.1\spring-boot-starter-4.0.1.jar;C:\Users\CCC-PC\.m2\repository\org\springframework\boot\spring-boot-starter-logging\4.0.1\spring-boot-starter-logging-4.0.1.jar;C:\Users\CCC-PC\.m2\repository\ch\qos\logback\logback-classic\1.5.22\logback-classic-1.5.22.jar;C:\Users\CCC-PC\.m2\repository\ch\qos\logback\logback-core\1.5.22\logback-core-1.5.22.jar;C:\Users\CCC-PC\.m2\repository\org\apache\logging\log4j\log4j-to-slf4j\2.25.3\log4j-to-slf4j-2.25.3.jar;C:\Users\CCC-PC\.m2\repository\org\apache\logging\log4j\log4j-api\2.25.3\log4j-api-2.25.3.jar;C:\Users\CCC-PC\.m2\repository\org\slf4j\jul-to-slf4j\2.0.17\jul-to-slf4j-2.0.17.jar;C:\Users\CCC-PC\.m2\repository\org\springframework\boot\spring-boot-autoconfigure\4.0.1\spring-boot-autoconfigure-4.0.1.jar;C:\Users\CCC-PC\.m2\repository\jakarta\annotation\jakarta.annotation-api\3.0.0\jakarta.annotation-api-3.0.0.jar;C:\Users\CCC-PC\.m2\repository\org\yaml\snakeyaml\2.5\snakeyaml-2.5.jar;C:\Users\CCC-PC\.m2\repository\org\springframework\boot\spring-boot-thymeleaf\4.0.1\spring-boot-thymeleaf-4.0.1.jar;C:\Users\CCC-PC\.m2\repository\org\springframework\boot\spring-boot\4.0.1\spring-boot-4.0.1.jar;C:\Users\CCC-PC\.m2\repository\org\springframework\spring-context\7.0.2\spring-context-7.0.2.jar;C:\Users\CCC-PC\.m2\repository\org\thymeleaf\thymeleaf-spring6\3.1.3.RELEASE\thymeleaf-spring6-3.1.3.RELEASE.jar;C:\Users\CCC-PC\.m2\repository\org\thymeleaf\thymeleaf\3.1.3.RELEASE\thymeleaf-3.1.3.RELEASE.jar;C:\Users\CCC-PC\.m2\repository\org\attoparser\attoparser\2.0.7.RELEASE\attoparser-2.0.7.RELEASE.jar;C:\Users\CCC-PC\.m2\repository\org\unbescape\unbescape\1.1.6.RELEASE\unbescape-1.1.6.RELEASE.jar;C:\Users\CCC-PC\.m2\repository\org\slf4j\slf4j-api\2.0.17\slf4j-api-2.0.17.jar;C:\Users\CCC-PC\.m2\repository\org\springframework\spring-web\7.0.2\spring-web-7.0.2.jar;C:\Users\CCC-PC\.m2\repository\io\micrometer\micrometer-observation\1.16.1\micrometer-observation-1.16.1.jar;C:\Users\CCC-PC\.m2\repository\io\micrometer\micrometer-commons\1.16.1\micrometer-commons-1.16.1.jar;C:\Users\CCC-PC\.m2\repository\org\springframework\boot\spring-boot-starter-webmvc\4.0.1\spring-boot-starter-webmvc-4.0.1.jar;C:\Users\CCC-PC\.m2\repository\org\springframework\boot\spring-boot-starter-jackson\4.0.1\spring-boot-starter-jackson-4.0.1.jar;C:\Users\CCC-PC\.m2\repository\org\springframework\boot\spring-boot-jackson\4.0.1\spring-boot-jackson-4.0.1.jar;C:\Users\CCC-PC\.m2\repository\tools\jackson\core\jackson-databind\3.0.3\jackson-databind-3.0.3.jar;C:\Users\CCC-PC\.m2\repository\com\fasterxml\jackson\core\jackson-annotations\2.20\jackson-annotations-2.20.jar;C:\Users\CCC-PC\.m2\repository\tools\jackson\core\jackson-core\3.0.3\jackson-core-3.0.3.jar;C:\Users\CCC-PC\.m2\repository\org\springframework\boot\spring-boot-starter-tomcat\4.0.1\spring-boot-starter-tomcat-4.0.1.jar;C:\Users\CCC-PC\.m2\repository\org\springframework\boot\spring-boot-starter-tomcat-runtime\4.0.1\spring-boot-starter-tomcat-runtime-4.0.1.jar;C:\Users\CCC-PC\.m2\repository\org\apache\tomcat\embed\tomcat-embed-core\11.0.15\tomcat-embed-core-11.0.15.jar;C:\Users\CCC-PC\.m2\repository\org\apache\tomcat\embed\tomcat-embed-el\11.0.15\tomcat-embed-el-11.0.15.jar;C:\Users\CCC-PC\.m2\repository\org\apache\tomcat\embed\tomcat-embed-websocket\11.0.15\tomcat-embed-websocket-11.0.15.jar;C:\Users\CCC-PC\.m2\repository\org\springframework\boot\spring-boot-tomcat\4.0.1\spring-boot-tomcat-4.0.1.jar;C:\Users\CCC-PC\.m2\repository\org\springframework\boot\spring-boot-http-converter\4.0.1\spring-boot-http-converter-4.0.1.jar;C:\Users\CCC-PC\.m2\repository\org\springframework\boot\spring-boot-webmvc\4.0.1\spring-boot-webmvc-4.0.1.jar;C:\Users\CCC-PC\.m2\repository\org\springframework\boot\spring-boot-servlet\4.0.1\spring-boot-servlet-4.0.1.jar;C:\Users\CCC-PC\.m2\repository\org\springframework\spring-webmvc\7.0.2\spring-webmvc-7.0.2.jar;C:\Users\CCC-PC\.m2\repository\org\springframework\spring-aop\7.0.2\spring-aop-7.0.2.jar;C:\Users\CCC-PC\.m2\repository\org\springframework\spring-expression\7.0.2\spring-expression-7.0.2.jar;C:\Users\CCC-PC\.m2\repository\org\springframework\boot\spring-boot-web-server\4.0.1\spring-boot-web-server-4.0.1.jar;C:\Users\CCC-PC\.m2\repository\org\springframework\spring-jdbc\5.3.39\spring-jdbc-5.3.39.jar;C:\Users\CCC-PC\.m2\repository\org\springframework\spring-beans\7.0.2\spring-beans-7.0.2.jar;C:\Users\CCC-PC\.m2\repository\org\springframework\spring-core\7.0.2\spring-core-7.0.2.jar;C:\Users\CCC-PC\.m2\repository\commons-logging\commons-logging\1.3.5\commons-logging-1.3.5.jar;C:\Users\CCC-PC\.m2\repository\org\jspecify\jspecify\1.0.0\jspecify-1.0.0.jar;C:\Users\CCC-PC\.m2\repository\org\springframework\spring-tx\7.0.2\spring-tx-7.0.2.jar
Launcher Type: SUN_STANDARD

[Global flags]
     intx CICompilerCount                          = 12                                        {product} {ergonomic}
     uint ConcGCThreads                            = 3                                         {product} {ergonomic}
     uint G1ConcRefinementThreads                  = 13                                        {product} {ergonomic}
   size_t G1HeapRegionSize                         = 2097152                                   {product} {ergonomic}
    uintx GCDrainStackTargetSize                   = 64                                        {product} {ergonomic}
   size_t InitialHeapSize                          = 260046848                                 {product} {ergonomic}
   size_t MarkStackSize                            = 4194304                                   {product} {ergonomic}
   size_t MaxHeapSize                              = 4129292288                                {product} {ergonomic}
   size_t MaxNewSize                               = 2476736512                                {product} {ergonomic}
   size_t MinHeapDeltaBytes                        = 2097152                                   {product} {ergonomic}
   size_t MinHeapSize                              = 8388608                                   {product} {ergonomic}
    uintx NonNMethodCodeHeapSize                   = 7602480                                {pd product} {ergonomic}
    uintx NonProfiledCodeHeapSize                  = 122027880                              {pd product} {ergonomic}
    uintx ProfiledCodeHeapSize                     = 122027880                              {pd product} {ergonomic}
    uintx ReservedCodeCacheSize                    = 251658240                              {pd product} {ergonomic}
     bool SegmentedCodeCache                       = true                                      {product} {ergonomic}
     bool ShowCodeDetailsInExceptionMessages       = true                                   {manageable} {command line}
   size_t SoftMaxHeapSize                          = 4129292288                             {manageable} {ergonomic}
     bool UseCompressedOops                        = true                           {product lp64_product} {ergonomic}
     bool UseG1GC                                  = true                                      {product} {ergonomic}
     bool UseLargePagesIndividualAllocation        = false                                  {pd product} {ergonomic}

Logging:
Log output configuration:
 #0: stdout all=warning uptime,level,tags foldmultilines=false
 #1: stderr all=off uptime,level,tags foldmultilines=false

Release file:
JAVA_VERSION="21.0.9" 
MODULES="java.base java.compiler java.datatransfer java.xml java.prefs java.desktop java.instrument java.logging java.management java.security.sasl java.naming java.rmi java.management.rmi java.net.http java.scripting java.security.jgss java.transaction.xa java.sql java.sql.rowset java.xml.crypto java.se java.smartcardio jdk.accessibility jdk.internal.jvmstat jdk.attach jdk.charsets jdk.internal.opt jdk.zipfs jdk.compiler jdk.crypto.ec jdk.crypto.cryptoki jdk.crypto.mscapi jdk.dynalink jdk.internal.ed jdk.editpad jdk.hotspot.agent jdk.httpserver jdk.internal.le jdk.internal.vm.ci jdk.internal.vm.compiler jdk.internal.vm.compiler.management jdk.jartool jdk.javadoc jdk.jcmd jdk.management jdk.management.agent jdk.jconsole jdk.jdeps jdk.jdwp.agent jdk.jdi jdk.jfr jdk.jshell jdk.jsobject jdk.jstatd jdk.localedata jdk.management.jfr jdk.naming.dns jdk.naming.rmi jdk.net jdk.nio.mapmode jdk.random jdk.sctp jdk.security.auth jdk.security.jgss jdk.unsupported jdk.unsupported.desktop jdk.xml.dom" 

Environment Variables:
PATH=C:/Users/CCC-PC/.p2/pool/plugins/org.eclipse.justj.openjdk.hotspot.jre.full.win32.x86_64_21.0.9.v20251105-0741/jre/bin/server;C:/Users/CCC-PC/.p2/pool/plugins/org.eclipse.justj.openjdk.hotspot.jre.full.win32.x86_64_21.0.9.v20251105-0741/jre/bin;C:\Program Files\Eclipse Adoptium\jdk-25.0.0.36-hotspot\bin;C:\Program Files\Common Files\Oracle\Java\javapath;C:\Program Files (x86)\NVIDIA Corporation\PhysX\Common;C:\Windows\system32;C:\Windows;C:\Windows\System32\Wbem;C:\Windows\System32\WindowsPowerShell\v1.0\;C:\Windows\System32\OpenSSH\;C:\Program Files (x86)\Windows Kits\8.1\Windows Performance Toolkit\;C:\Program Files\Microsoft SQL Server\120\Tools\Binn\;C:\Program Files\Common Files\Autodesk Shared\;C:\Program Files\MySQL\MySQL Shell 8.0\bin\;C:\Users\CCC-PC\AppData\Local\Microsoft\WindowsApps;C:\Users\CCC-PC\AppData\Local\Programs\Microsoft VS Code\bin;C:\Users\CCC-PC\Desktop;
USERNAME=CCC-PC
OS=Windows_NT
PROCESSOR_IDENTIFIER=AMD64 Family 25 Model 80 Stepping 0, AuthenticAMD
TMP=C:\Users\CCC-PC\AppData\Local\Temp
TEMP=C:\Users\CCC-PC\AppData\Local\Temp




Periodic native trim disabled

---------------  S Y S T E M  ---------------

OS:
 Windows 11 , 64 bit Build 26100 (10.0.26100.7309)
OS uptime: 0 days 2:04 hours

CPU: total 16 (initial active 16) (16 cores per cpu, 2 threads per core) family 25 model 80 stepping 0 microcode 0xa50000c, cx8, cmov, fxsr, ht, mmx, 3dnowpref, sse, sse2, sse3, ssse3, sse4a, sse4.1, sse4.2, popcnt, lzcnt, tsc, tscinvbit, avx, avx2, aes, erms, clmul, bmi1, bmi2, adx, sha, fma, vzeroupper, clflush, clflushopt, rdtscp, rdpid, fsrm, f16c, pku, cet_ss
Processor Information for the first 16 processors :
  Max Mhz: 3801, Current Mhz: 3801, Mhz Limit: 3801

Memory: 4k page, system-wide physical 15746M (2027M free)
TotalPageFile size 46981M (AvailPageFile size 5M)
current process WorkingSet (physical memory assigned to process): 153M, peak: 187M
current process commit charge ("private bytes"): 201M, peak: 422M

vm_info: OpenJDK 64-Bit Server VM (21.0.9+10-LTS) for windows-amd64 JRE (21.0.9+10-LTS), built on 2025-10-21T00:00:00Z by "admin" with unknown MS VC++:1942

END.
